<?xml version="1.0" encoding="UTF-8"?>
<!-- Generated by org.testng.reporters.JUnitXMLReporter -->
<testsuite hostname="TYSS-4F-085" ignored="0" name="Default test" tests="2" failures="0" timestamp="14 Nov 2017 04:56:36 GMT" time="28.877" errors="0">
  <testcase name="testVerifyInvalidloginWishlist" time="4.012" classname="test.VerifyInvalidloginWishlist"/>
  <testcase name="testVerifyInvalidloginWishlist" time="4.15" classname="test.VerifyInvalidloginWishlist"/>
</testsuite> <!-- Default test -->
