<?xml version="1.0" encoding="UTF-8"?>
<!-- Generated by org.testng.reporters.JUnitXMLReporter -->
<testsuite hostname="TYSS-4F-085" ignored="2" name="Test" tests="2" failures="0" timestamp="07 Nov 2017 04:16:55 GMT" time="65.267" errors="0">
  <testcase name="testVerifyQuickViewDetails" time="31.306" classname="test.VerifyQuickViewDetails"/>
  <testcase name="testVerifyMyCartPagedetails" time="11.399" classname="test.VerifyMyCartPagedetails"/>
  <testcase name="@AfterTest endReport" time="0.0" classname="generic.BaseTest">
    <ignored/>
  </testcase> <!-- @AfterTest endReport -->
  <testcase name="@BeforeTest startReport" time="0.0" classname="generic.BaseTest">
    <ignored/>
  </testcase> <!-- @BeforeTest startReport -->
</testsuite> <!-- Test -->
