<?xml version="1.0" encoding="UTF-8"?>
<!-- Generated by org.testng.reporters.JUnitXMLReporter -->
<testsuite hostname="TYSS-4F-085" ignored="0" name="Test" tests="2" failures="1" timestamp="26 Oct 2017 13:28:43 GMT" time="78.717" errors="0">
  <testcase name="testVerifyQuickViewDetails" time="40.148" classname="test.VerifyQuickViewDetails"/>
  <testcase name="testAddToCart" time="22.426" classname="test.VerifyAddToCart">
    <failure type="java.lang.AssertionError" message="expected [Chiffon Saree by Craftsvilla (Peach)] but found [Chiffon Saree By Craftsvilla (peach)]">
      <![CDATA[java.lang.AssertionError: expected [Chiffon Saree by Craftsvilla (Peach)] but found [Chiffon Saree By Craftsvilla (peach)]
	at generic.GenericUtils.compare(GenericUtils.java:10)
	at test.VerifyAddToCart.testAddToCart(VerifyAddToCart.java:44)
... Removed 31 stack frames]]>
    </failure>
  </testcase> <!-- testAddToCart -->
</testsuite> <!-- Test -->
