<?xml version="1.0" encoding="UTF-8"?>
<testng-results skipped="0" failed="0" ignored="0" total="1" passed="1">
  <reporter-output>
  </reporter-output>
  <suite name="Default suite" duration-ms="47398" started-at="2017-11-06T11:38:11Z" finished-at="2017-11-06T11:38:58Z">
    <groups>
    </groups>
    <test name="Default test" duration-ms="47398" started-at="2017-11-06T11:38:11Z" finished-at="2017-11-06T11:38:58Z">
      <class name="test.VerifyQuickViewDetails">
        <test-method status="PASS" signature="startReport()[pri:0, instance:test.VerifyQuickViewDetails@2038ae61]" name="startReport" is-config="true" duration-ms="225" started-at="2017-11-06T17:08:11Z" finished-at="2017-11-06T17:08:11Z">
          <reporter-output>
          </reporter-output>
        </test-method> <!-- startReport -->
        <test-method status="PASS" signature="openapp()[pri:0, instance:test.VerifyQuickViewDetails@2038ae61]" name="openapp" is-config="true" duration-ms="12704" started-at="2017-11-06T17:08:11Z" finished-at="2017-11-06T17:08:24Z">
          <reporter-output>
          </reporter-output>
        </test-method> <!-- openapp -->
        <test-method status="PASS" signature="testVerifyQuickViewDetails()[pri:5, instance:test.VerifyQuickViewDetails@2038ae61]" name="testVerifyQuickViewDetails" duration-ms="33740" started-at="2017-11-06T17:08:24Z" finished-at="2017-11-06T17:08:57Z">
          <reporter-output>
          </reporter-output>
        </test-method> <!-- testVerifyQuickViewDetails -->
        <test-method status="PASS" signature="closeapp()[pri:0, instance:test.VerifyQuickViewDetails@2038ae61]" name="closeapp" is-config="true" duration-ms="1" started-at="2017-11-06T17:08:58Z" finished-at="2017-11-06T17:08:58Z">
          <reporter-output>
          </reporter-output>
        </test-method> <!-- closeapp -->
        <test-method status="PASS" signature="endReport()[pri:0, instance:test.VerifyQuickViewDetails@2038ae61]" name="endReport" is-config="true" duration-ms="289" started-at="2017-11-06T17:08:58Z" finished-at="2017-11-06T17:08:58Z">
          <reporter-output>
          </reporter-output>
        </test-method> <!-- endReport -->
      </class> <!-- test.VerifyQuickViewDetails -->
    </test> <!-- Default test -->
  </suite> <!-- Default suite -->
</testng-results>
